<?xml version="1.0" encoding="UTF-8"?>
<!-- Generated by org.testng.reporters.JUnitReportReporter -->
<testsuite hostname="salauddin" failures="0" tests="4" name="baseTest.LoginTest" time="44.106" errors="0" timestamp="2021-01-07T04:40:44 EST" skipped="0">
  <testcase classname="baseTest.LoginTest" name="verifylogoTest" time="10.045"/>
  <system-out/>
  <testcase classname="baseTest.LoginTest" name="title" time="11.397"/>
  <system-out/>
  <testcase classname="baseTest.LoginTest" name="cetagory" time="10.915"/>
  <system-out/>
  <testcase classname="baseTest.LoginTest" name="signin" time="11.749"/>
  <system-out/>
</testsuite> <!-- baseTest.LoginTest -->
