<?xml version="1.0" encoding="UTF-8"?>
<!-- Generated by org.testng.reporters.JUnitReportReporter -->
<testsuite hostname="salauddin" failures="0" tests="1" name="baseTest.RegistrationTest" time="1.819" errors="0" timestamp="2021-01-07T04:00:02 EST" skipped="0">
  <testcase classname="baseTest.RegistrationTest" name="regis" time="1.819"/>
  <system-out/>
</testsuite> <!-- baseTest.RegistrationTest -->
